(gen) bg91882@ra5-5 example$ python train_adaptive_K_lookahead.py --label adaptive_lookahead_k+=5
Files already downloaded and verified
Files already downloaded and verified
Files already downloaded and verified
┏━━━━━━━━━━━━━━┳━━━━━━━╸T╺╸R╺╸A╺╸I╺╸N╺━━━━━━━┳━━━━━━━╸S╺╸T╺╸A╺╸T╺╸S╺━━━━━━━┳━━━━━━━╸V╺╸A╺╸L╺╸I╺╸D╺━━━━━━━┓
┃              ┃              ╷              ┃              ╷              ┃              ╷              ┃
┃       epoch  ┃        loss  │    accuracy  ┃        l.r.  │     elapsed  ┃        loss  │    accuracy  ┃
┠──────────────╂──────────────┼──────────────╂──────────────┼──────────────╂──────────────┼──────────────┨
┃           0  ┃      1.1479  │     45.33 %  ┃   1.000e-01  │   00:55 min  ┃      0.8370  │     63.01 %  ┃
┃           1  ┃      0.7589  │     65.60 %  ┃   1.000e-01  │   00:53 min  ┃      0.6903  │     69.97 %  ┃
┃           2  ┃      0.6009  │     73.36 %  ┃   1.000e-01  │   00:53 min  ┃      0.7537  │     67.87 %  ┃
┃           3  ┃      0.5150  │     77.37 %  ┃   1.000e-01  │   00:53 min  ┃      0.6226  │     74.68 %  ┃
┃           4  ┃      0.4639  │     79.73 %  ┃   1.000e-01  │   00:53 min  ┃      0.4053  │     82.95 %  ┃
┃           5  ┃      0.4215  │     81.55 %  ┃   1.000e-01  │   00:53 min  ┃      0.4234  │     82.09 %  ┃
┃           6  ┃      0.3924  │     82.72 %  ┃   1.000e-01  │   00:53 min  ┃      0.4222  │     81.46 %  ┃
┃           7  ┃      0.3655  │     84.12 %  ┃   1.000e-01  │   00:53 min  ┃      0.5815  │     75.01 %  ┃
┃           8  ┃      0.3483  │     84.93 %  ┃   1.000e-01  │   00:53 min  ┃      0.4431  │     80.64 %  ┃
┃           9  ┃      0.3274  │     85.71 %  ┃   1.000e-01  │   00:53 min  ┃      0.3022  │     87.26 %  ┃
┃          10  ┃      0.3106  │     86.65 %  ┃   1.000e-01  │   00:53 min  ┃      0.2813  │     88.25 %  ┃
┃          11  ┃      0.3031  │     86.79 %  ┃   1.000e-01  │   00:53 min  ┃      0.3127  │     86.06 %  ┃
┃          12  ┃      0.2937  │     87.25 %  ┃   1.000e-01  │   00:53 min  ┃      0.4242  │     81.43 %  ┃
┃          13  ┃      0.2848  │     87.68 %  ┃   1.000e-01  │   00:53 min  ┃      0.4814  │     80.04 %  ┃
┃          14  ┃      0.2766  │     87.86 %  ┃   1.000e-01  │   00:53 min  ┃      0.2665  │     88.48 %  ┃
┃          15  ┃      0.2697  │     88.26 %  ┃   1.000e-01  │   00:53 min  ┃      0.2813  │     88.22 %  ┃
┃          16  ┃      0.2671  │     88.34 %  ┃   1.000e-01  │   00:53 min  ┃      0.3515  │     84.87 %  ┃
┃          17  ┃      0.2636  │     88.47 %  ┃   1.000e-01  │   00:53 min  ┃      0.4456  │     80.75 %  ┃
┃          18  ┃      0.2528  │     89.04 %  ┃   1.000e-01  │   00:53 min  ┃      0.3668  │     84.19 %  ┃
┃          19  ┃      0.2511  │     89.18 %  ┃   1.000e-01  │   00:53 min  ┃      0.2373  │     89.82 %  ┃
┃          20  ┃      0.2513  │     89.09 %  ┃   1.000e-01  │   00:53 min  ┃      0.2725  │     88.41 %  ┃
┃          21  ┃      0.2429  │     89.54 %  ┃   1.000e-01  │   00:53 min  ┃      0.3204  │     86.95 %  ┃
┃          22  ┃      0.2403  │     89.33 %  ┃   1.000e-01  │   00:52 min  ┃      0.3833  │     84.33 %  ┃
┃          23  ┃      0.2374  │     89.74 %  ┃   1.000e-01  │   00:53 min  ┃      0.5103  │     78.27 %  ┃
┃          24  ┃      0.2343  │     89.91 %  ┃   1.000e-01  │   00:53 min  ┃      0.2514  │     89.37 %  ┃
┃          25  ┃      0.2318  │     89.94 %  ┃   1.000e-01  │   00:53 min  ┃      0.2530  │     89.26 %  ┃
┃          26  ┃      0.2296  │     89.93 %  ┃   1.000e-01  │   00:53 min  ┃      0.2845  │     88.13 %  ┃
┃          27  ┃      0.2262  │     90.18 %  ┃   1.000e-01  │   00:53 min  ┃      0.3413  │     85.92 %  ┃
┃          28  ┃      0.2229  │     90.38 %  ┃   1.000e-01  │   00:53 min  ┃      0.3007  │     87.25 %  ┃
┃          29  ┃      0.2218  │     90.42 %  ┃   1.000e-01  │   00:53 min  ┃      0.2356  │     89.88 %  ┃
┃          30  ┃      0.2165  │     90.62 %  ┃   1.000e-01  │   00:53 min  ┃      0.2188  │     90.87 %  ┃
┃          31  ┃      0.2191  │     90.54 %  ┃   1.000e-01  │   00:53 min  ┃      0.2463  │     89.26 %  ┃
┃          32  ┃      0.2148  │     90.73 %  ┃   1.000e-01  │   00:53 min  ┃      0.4311  │     82.07 %  ┃
┃          33  ┃      0.2100  │     90.86 %  ┃   1.000e-01  │   00:53 min  ┃      0.3981  │     82.48 %  ┃
┃          34  ┃      0.2121  │     90.80 %  ┃   1.000e-01  │   00:53 min  ┃      0.2147  │     90.84 %  ┃
┃          35  ┃      0.2094  │     90.99 %  ┃   1.000e-01  │   00:53 min  ┃      0.2044  │     91.38 %  ┃
┃          36  ┃      0.2109  │     90.83 %  ┃   1.000e-01  │   00:52 min  ┃      0.2207  │     90.35 %  ┃
┃          37  ┃      0.2045  │     91.27 %  ┃   1.000e-01  │   00:53 min  ┃      0.3487  │     85.64 %  ┃
┃          38  ┃      0.2100  │     90.90 %  ┃   1.000e-01  │   00:52 min  ┃      0.3582  │     84.77 %  ┃
┃          39  ┃      0.2032  │     91.20 %  ┃   1.000e-01  │   00:53 min  ┃      0.2161  │     90.76 %  ┃
┃          40  ┃      0.2048  │     91.18 %  ┃   1.000e-01  │   00:52 min  ┃      0.2266  │     90.22 %  ┃
┃          41  ┃      0.2015  │     91.21 %  ┃   1.000e-01  │   00:52 min  ┃      0.3401  │     85.85 %  ┃
┃          42  ┃      0.1931  │     91.71 %  ┃   1.000e-01  │   00:52 min  ┃      0.3108  │     87.12 %  ┃
┃          43  ┃      0.1982  │     91.49 %  ┃   1.000e-01  │   00:52 min  ┃      0.4404  │     81.85 %  ┃
┃          44  ┃      0.2002  │     91.28 %  ┃   1.000e-01  │   00:52 min  ┃      0.2381  │     89.92 %  ┃
┃          45  ┃      0.2009  │     91.18 %  ┃   1.000e-01  │   00:53 min  ┃      0.2609  │     89.14 %  ┃
┃          46  ┃      0.1997  │     91.34 %  ┃   1.000e-01  │   00:52 min  ┃      0.2651  │     88.86 %  ┃
┃          47  ┃      0.1973  │     91.42 %  ┃   1.000e-01  │   00:52 min  ┃      0.2988  │     86.99 %  ┃
┃          48  ┃      0.1905  │     91.77 %  ┃   1.000e-01  │   00:52 min  ┃      0.3899  │     84.14 %  ┃
┃          49  ┃      0.1940  │     91.69 %  ┃   1.000e-01  │   00:53 min  ┃      0.2151  │     90.53 %  ┃
┃          50  ┃      0.1903  │     91.78 %  ┃   1.000e-01  │   00:53 min  ┃      0.2236  │     90.35 %  ┃
┃          51  ┃      0.1934  │     91.67 %  ┃   1.000e-01  │   00:53 min  ┃      0.2673  │     88.90 %  ┃
┃          52  ┃      0.1873  │     92.06 %  ┃   1.000e-01  │   00:53 min  ┃      0.3135  │     86.49 %  ┃
┃          53  ┃      0.1914  │     91.83 %  ┃   1.000e-01  │   00:52 min  ┃      0.3512  │     85.18 %  ┃
┃          54  ┃      0.1890  │     91.89 %  ┃   1.000e-01  │   00:53 min  ┃      0.1990  │     91.76 %  ┃
┃          55  ┃      0.1901  │     91.90 %  ┃   1.000e-01  │   00:53 min  ┃      0.1939  │     91.80 %  ┃
┃          56  ┃      0.1897  │     91.88 %  ┃   1.000e-01  │   00:53 min  ┃      0.2857  │     87.71 %  ┃
┃          57  ┃      0.1917  │     91.76 %  ┃   1.000e-01  │   00:53 min  ┃      0.3241  │     86.37 %  ┃
┃          58  ┃      0.1857  │     92.01 %  ┃   1.000e-01  │   00:53 min  ┃      0.2952  │     87.82 %  ┃
┃          59  ┃      0.1862  │     91.94 %  ┃   1.000e-01  │   00:53 min  ┃      0.1855  │     92.30 %  ┃

Learning rate decreased from 0.100000 to 0.020000. New k: 10
┃          60  ┃      0.0991  │     95.93 %  ┃   2.000e-02  │   00:52 min  ┃      0.1187  │     95.14 %  ┃
┃          61  ┃      0.0767  │     96.88 %  ┃   2.000e-02  │   00:53 min  ┃      0.1103  │     95.47 %  ┃
┃          62  ┃      0.0697  │     97.15 %  ┃   2.000e-02  │   00:53 min  ┃      0.1111  │     95.50 %  ┃
┃          63  ┃      0.0665  │     97.37 %  ┃   2.000e-02  │   00:52 min  ┃      0.1140  │     95.37 %  ┃
┃          64  ┃      0.0598  │     97.67 %  ┃   2.000e-02  │   00:52 min  ┃      0.1168  │     95.24 %  ┃
┃          65  ┃      0.0583  │     97.78 %  ┃   2.000e-02  │   00:52 min  ┃      0.1230  │     94.96 %  ┃
┃          66  ┃      0.0570  │     97.78 %  ┃   2.000e-02  │   00:53 min  ┃      0.1195  │     95.22 %  ┃
┃          67  ┃      0.0576  │     97.73 %  ┃   2.000e-02  │   00:53 min  ┃      0.1213  │     94.83 %  ┃
┃          68  ┃      0.0588  │     97.65 %  ┃   2.000e-02  │   00:52 min  ┃      0.1253  │     94.95 %  ┃
┃          69  ┃      0.0582  │     97.70 %  ┃   2.000e-02  │   00:52 min  ┃      0.1067  │     95.57 %  ┃
┃          70  ┃      0.0552  │     97.84 %  ┃   2.000e-02  │   00:52 min  ┃      0.1026  │     95.81 %  ┃
┃          71  ┃      0.0550  │     97.86 %  ┃   2.000e-02  │   00:52 min  ┃      0.1138  │     95.49 %  ┃
┃          72  ┃      0.0563  │     97.71 %  ┃   2.000e-02  │   00:52 min  ┃      0.1131  │     95.40 %  ┃
┃          73  ┃      0.0540  │     97.83 %  ┃   2.000e-02  │   00:52 min  ┃      0.1239  │     94.91 %  ┃
┃          74  ┃      0.0550  │     97.77 %  ┃   2.000e-02  │   00:52 min  ┃      0.1291  │     94.87 %  ┃
┃          75  ┃      0.0551  │     97.79 %  ┃   2.000e-02  │   00:52 min  ┃      0.1360  │     94.48 %  ┃
┃          76  ┃      0.0566  │     97.74 %  ┃   2.000e-02  │   00:52 min  ┃      0.1338  │     94.40 %  ┃
┃          77  ┃      0.0586  │     97.70 %  ┃   2.000e-02  │   00:52 min  ┃      0.1503  │     93.92 %  ┃
┃          78  ┃      0.0561  │     97.75 %  ┃   2.000e-02  │   00:52 min  ┃      0.1374  │     94.48 %  ┃
┃          79  ┃      0.0544  │     97.89 %  ┃   2.000e-02  │   00:52 min  ┃      0.1188  │     95.10 %  ┃
┃          80  ┃      0.0606  │     97.55 %  ┃   2.000e-02  │   00:52 min  ┃      0.1225  │     94.98 %  ┃
┃          81  ┃      0.0586  │     97.67 %  ┃   2.000e-02  │   00:52 min  ┃      0.1221  │     95.11 %  ┃
┃          82  ┃      0.0617  │     97.43 %  ┃   2.000e-02  │   00:52 min  ┃      0.1315  │     94.56 %  ┃
┃          83  ┃      0.0597  │     97.60 %  ┃   2.000e-02  │   00:52 min  ┃      0.1370  │     94.53 %  ┃
┃          84  ┃      0.0587  │     97.62 %  ┃   2.000e-02  │   00:52 min  ┃      0.1532  │     93.93 %  ┃
┃          85  ┃      0.0632  │     97.45 %  ┃   2.000e-02  │   00:52 min  ┃      0.1839  │     92.62 %  ┃
┃          86  ┃      0.0620  │     97.49 %  ┃   2.000e-02  │   00:52 min  ┃      0.1829  │     92.71 %  ┃
┃          87  ┃      0.0633  │     97.45 %  ┃   2.000e-02  │   00:52 min  ┃      0.1427  │     94.09 %  ┃
┃          88  ┃      0.0635  │     97.43 %  ┃   2.000e-02  │   00:52 min  ┃      0.2210  │     91.38 %  ┃
┃          89  ┃      0.0615  │     97.57 %  ┃   2.000e-02  │   00:52 min  ┃      0.1275  │     94.78 %  ┃
┃          90  ┃      0.0641  │     97.40 %  ┃   2.000e-02  │   00:52 min  ┃      0.1189  │     95.18 %  ┃
┃          91  ┃      0.0618  │     97.52 %  ┃   2.000e-02  │   00:52 min  ┃      0.1297  │     94.86 %  ┃
┃          92  ┃      0.0627  │     97.47 %  ┃   2.000e-02  │   00:52 min  ┃      0.1203  │     95.04 %  ┃
┃          93  ┃      0.0628  │     97.55 %  ┃   2.000e-02  │   00:52 min  ┃      0.1383  │     94.50 %  ┃
┃          94  ┃      0.0690  │     97.14 %  ┃   2.000e-02  │   00:52 min  ┃      0.1387  │     94.11 %  ┃
┃          95  ┃      0.0693  │     97.11 %  ┃   2.000e-02  │   00:52 min  ┃      0.1663  │     93.29 %  ┃
┃          96  ┃      0.0656  │     97.29 %  ┃   2.000e-02  │   00:52 min  ┃      0.2143  │     91.21 %  ┃
┃          97  ┃      0.0680  │     97.18 %  ┃   2.000e-02  │   00:52 min  ┃      0.1683  │     93.21 %  ┃
┃          98  ┃      0.0652  │     97.30 %  ┃   2.000e-02  │   00:52 min  ┃      0.1722  │     92.95 %  ┃
┃          99  ┃      0.0670  │     97.26 %  ┃   2.000e-02  │   00:52 min  ┃      0.1236  │     94.80 %  ┃
┃         100  ┃      0.0636  │     97.38 %  ┃   2.000e-02  │   00:52 min  ┃      0.1208  │     95.15 %  ┃
┃         101  ┃      0.0665  │     97.29 %  ┃   2.000e-02  │   00:52 min  ┃      0.1244  │     94.99 %  ┃
┃         102  ┃      0.0638  │     97.34 %  ┃   2.000e-02  │   00:52 min  ┃      0.1633  │     93.51 %  ┃
┃         103  ┃      0.0639  │     97.39 %  ┃   2.000e-02  │   00:52 min  ┃      0.1660  │     93.13 %  ┃
┃         104  ┃      0.0673  │     97.25 %  ┃   2.000e-02  │   00:52 min  ┃      0.1873  │     92.64 %  ┃
┃         105  ┃      0.0646  │     97.35 %  ┃   2.000e-02  │   00:52 min  ┃      0.1528  │     93.90 %  ┃
┃         106  ┃      0.0668  │     97.23 %  ┃   2.000e-02  │   00:52 min  ┃      0.2091  │     91.78 %  ┃
┃         107  ┃      0.0687  │     97.14 %  ┃   2.000e-02  │   00:52 min  ┃      0.1929  │     92.25 %  ┃
┃         108  ┃      0.0665  │     97.29 %  ┃   2.000e-02  │   00:52 min  ┃      0.2179  │     91.27 %  ┃
┃         109  ┃      0.0674  │     97.26 %  ┃   2.000e-02  │   00:52 min  ┃      0.1287  │     94.96 %  ┃
┃         110  ┃      0.0639  │     97.36 %  ┃   2.000e-02  │   00:52 min  ┃      0.1261  │     94.86 %  ┃
┃         111  ┃      0.0672  │     97.18 %  ┃   2.000e-02  │   00:52 min  ┃      0.1426  │     94.29 %  ┃
┃         112  ┃      0.0685  │     97.20 %  ┃   2.000e-02  │   00:52 min  ┃      0.1545  │     93.66 %  ┃
┃         113  ┃      0.0621  │     97.37 %  ┃   2.000e-02  │   00:52 min  ┃      0.1643  │     93.27 %  ┃
┃         114  ┃      0.0667  │     97.21 %  ┃   2.000e-02  │   00:52 min  ┃      0.1864  │     92.61 %  ┃
┃         115  ┃      0.0654  │     97.27 %  ┃   2.000e-02  │   00:52 min  ┃      0.1354  │     94.53 %  ┃
┃         116  ┃      0.0663  │     97.25 %  ┃   2.000e-02  │   00:53 min  ┃      0.2157  │     91.42 %  ┃
┃         117  ┃      0.0690  │     97.11 %  ┃   2.000e-02  │   00:52 min  ┃      0.1972  │     91.84 %  ┃
┃         118  ┃      0.0663  │     97.27 %  ┃   2.000e-02  │   00:52 min  ┃      0.1655  │     93.36 %  ┃
┃         119  ┃      0.0651  │     97.34 %  ┃   2.000e-02  │   00:52 min  ┃      0.1209  │     95.11 %  ┃

Learning rate decreased from 0.020000 to 0.004000. New k: 15
┃         120  ┃      0.0363  │     98.55 %  ┃   4.000e-03  │   00:52 min  ┃      0.0994  │     96.04 %  ┃
┃         121  ┃      0.0299  │     98.84 %  ┃   4.000e-03  │   00:52 min  ┃      0.0957  │     96.23 %  ┃
┃         122  ┃      0.0269  │     98.98 %  ┃   4.000e-03  │   00:52 min  ┃      0.0955  │     96.20 %  ┃
┃         123  ┃      0.0248  │     99.04 %  ┃   4.000e-03  │   00:52 min  ┃      0.0953  │     96.30 %  ┃
┃         124  ┃      0.0237  │     99.11 %  ┃   4.000e-03  │   00:52 min  ┃      0.0936  │     96.24 %  ┃
┃         125  ┃      0.0244  │     99.07 %  ┃   4.000e-03  │   00:52 min  ┃      0.0951  │     96.31 %  ┃
┃         126  ┃      0.0237  │     99.06 %  ┃   4.000e-03  │   00:52 min  ┃      0.0957  │     96.23 %  ┃
┃         127  ┃      0.0224  │     99.13 %  ┃   4.000e-03  │   00:52 min  ┃      0.0921  │     96.23 %  ┃
┃         128  ┃      0.0227  │     99.14 %  ┃   4.000e-03  │   00:52 min  ┃      0.0927  │     96.35 %  ┃
┃         129  ┃      0.0211  │     99.18 %  ┃   4.000e-03  │   00:52 min  ┃      0.0915  │     96.32 %  ┃
┃         130  ┃      0.0210  │     99.22 %  ┃   4.000e-03  │   00:52 min  ┃      0.0904  │     96.28 %  ┃
┃         131  ┃      0.0217  │     99.16 %  ┃   4.000e-03  │   00:52 min  ┃      0.0922  │     96.26 %  ┃
┃         132  ┃      0.0207  │     99.25 %  ┃   4.000e-03  │   00:52 min  ┃      0.0927  │     96.25 %  ┃
┃         133  ┃      0.0203  │     99.22 %  ┃   4.000e-03  │   00:52 min  ┃      0.0895  │     96.41 %  ┃
┃         134  ┃      0.0201  │     99.23 %  ┃   4.000e-03  │   00:52 min  ┃      0.0895  │     96.34 %  ┃
┃         135  ┃      0.0186  │     99.36 %  ┃   4.000e-03  │   00:52 min  ┃      0.0915  │     96.44 %  ┃
┃         136  ┃      0.0186  │     99.30 %  ┃   4.000e-03  │   00:52 min  ┃      0.0919  │     96.33 %  ┃
┃         137  ┃      0.0200  │     99.24 %  ┃   4.000e-03  │   00:52 min  ┃      0.0900  │     96.36 %  ┃
┃         138  ┃      0.0182  │     99.31 %  ┃   4.000e-03  │   00:52 min  ┃      0.0905  │     96.40 %  ┃
┃         139  ┃      0.0192  │     99.30 %  ┃   4.000e-03  │   00:52 min  ┃      0.0908  │     96.41 %  ┃
┃         140  ┃      0.0177  │     99.35 %  ┃   4.000e-03  │   00:52 min  ┃      0.0898  │     96.41 %  ┃
┃         141  ┃      0.0187  │     99.26 %  ┃   4.000e-03  │   00:52 min  ┃      0.0905  │     96.31 %  ┃
┃         142  ┃      0.0183  │     99.31 %  ┃   4.000e-03  │   00:52 min  ┃      0.0907  │     96.45 %  ┃
┃         143  ┃      0.0192  │     99.26 %  ┃   4.000e-03  │   00:52 min  ┃      0.0891  │     96.36 %  ┃
┃         144  ┃      0.0196  │     99.22 %  ┃   4.000e-03  │   00:52 min  ┃      0.0933  │     96.32 %  ┃
┃         145  ┃      0.0177  │     99.33 %  ┃   4.000e-03  │   00:52 min  ┃      0.0914  │     96.35 %  ┃
┃         146  ┃      0.0169  │     99.37 %  ┃   4.000e-03  │   00:52 min  ┃      0.0985  │     96.04 %  ┃
┃         147  ┃      0.0179  │     99.32 %  ┃   4.000e-03  │   00:52 min  ┃      0.0939  │     96.18 %  ┃
┃         148  ┃      0.0181  │     99.29 %  ┃   4.000e-03  │   00:52 min  ┃      0.0908  │     96.36 %  ┃
┃         149  ┃      0.0176  │     99.35 %  ┃   4.000e-03  │   00:52 min  ┃      0.0908  │     96.38 %  ┃
┃         150  ┃      0.0174  │     99.31 %  ┃   4.000e-03  │   00:52 min  ┃      0.0909  │     96.30 %  ┃
┃         151  ┃      0.0181  │     99.32 %  ┃   4.000e-03  │   00:52 min  ┃      0.0901  │     96.29 %  ┃
┃         152  ┃      0.0158  │     99.40 %  ┃   4.000e-03  │   00:52 min  ┃      0.0876  │     96.42 %  ┃
┃         153  ┃      0.0162  │     99.41 %  ┃   4.000e-03  │   00:52 min  ┃      0.0931  │     96.31 %  ┃
┃         154  ┃      0.0178  │     99.29 %  ┃   4.000e-03  │   00:52 min  ┃      0.0873  │     96.53 %  ┃
┃         155  ┃      0.0168  │     99.34 %  ┃   4.000e-03  │   00:52 min  ┃      0.0902  │     96.42 %  ┃
┃         156  ┃      0.0171  │     99.33 %  ┃   4.000e-03  │   00:52 min  ┃      0.0906  │     96.47 %  ┃
┃         157  ┃      0.0166  │     99.36 %  ┃   4.000e-03  │   00:52 min  ┃      0.0872  │     96.52 %  ┃
┃         158  ┃      0.0173  │     99.34 %  ┃   4.000e-03  │   00:52 min  ┃      0.0862  │     96.60 %  ┃
┃         159  ┃      0.0158  │     99.44 %  ┃   4.000e-03  │   00:52 min  ┃      0.0889  │     96.49 %  ┃

Learning rate decreased from 0.004000 to 0.000800. New k: 20
┃         160  ┃      0.0159  │     99.36 %  ┃   8.000e-04  │   00:52 min  ┃      0.0846  │     96.51 %  ┃
┃         161  ┃      0.0137  │     99.45 %  ┃   8.000e-04  │   00:52 min  ┃      0.0840  │     96.54 %  ┃
┃         162  ┃      0.0140  │     99.45 %  ┃   8.000e-04  │   00:52 min  ┃      0.0837  │     96.53 %  ┃
┃         163  ┃      0.0127  │     99.53 %  ┃   8.000e-04  │   00:52 min  ┃      0.0821  │     96.59 %  ┃
┃         164  ┃      0.0138  │     99.49 %  ┃   8.000e-04  │   00:52 min  ┃      0.0820  │     96.59 %  ┃
┃         165  ┃      0.0123  │     99.54 %  ┃   8.000e-04  │   00:52 min  ┃      0.0828  │     96.62 %  ┃
┃         166  ┃      0.0137  │     99.50 %  ┃   8.000e-04  │   00:52 min  ┃      0.0820  │     96.66 %  ┃
┃         167  ┃      0.0120  │     99.55 %  ┃   8.000e-04  │   00:52 min  ┃      0.0822  │     96.71 %  ┃
┃         168  ┃      0.0134  │     99.50 %  ┃   8.000e-04  │   00:52 min  ┃      0.0831  │     96.72 %  ┃
┃         169  ┃      0.0125  │     99.52 %  ┃   8.000e-04  │   00:52 min  ┃      0.0833  │     96.63 %  ┃
┃         170  ┃      0.0124  │     99.53 %  ┃   8.000e-04  │   00:52 min  ┃      0.0809  │     96.81 %  ┃
┃         171  ┃      0.0109  │     99.62 %  ┃   8.000e-04  │   00:52 min  ┃      0.0826  │     96.75 %  ┃
┃         172  ┃      0.0120  │     99.57 %  ┃   8.000e-04  │   00:52 min  ┃      0.0818  │     96.75 %  ┃
┃         173  ┃      0.0118  │     99.56 %  ┃   8.000e-04  │   00:52 min  ┃      0.0823  │     96.79 %  ┃
┃         174  ┃      0.0111  │     99.61 %  ┃   8.000e-04  │   00:52 min  ┃      0.0827  │     96.80 %  ┃
┃         175  ┃      0.0123  │     99.54 %  ┃   8.000e-04  │   00:52 min  ┃      0.0821  │     96.77 %  ┃
┃         176  ┃      0.0118  │     99.56 %  ┃   8.000e-04  │   00:52 min  ┃      0.0813  │     96.85 %  ┃
┃         177  ┃      0.0128  │     99.53 %  ┃   8.000e-04  │   00:52 min  ┃      0.0812  │     96.73 %  ┃
┃         178  ┃      0.0117  │     99.58 %  ┃   8.000e-04  │   00:52 min  ┃      0.0802  │     96.80 %  ┃
┃         179  ┃      0.0127  │     99.51 %  ┃   8.000e-04  │   00:52 min  ┃      0.0819  │     96.79 %  ┃
┃         180  ┃      0.0129  │     99.50 %  ┃   8.000e-04  │   00:52 min  ┃      0.0804  │     96.82 %  ┃
┃         181  ┃      0.0121  │     99.52 %  ┃   8.000e-04  │   00:52 min  ┃      0.0816  │     96.69 %  ┃
┃         182  ┃      0.0112  │     99.60 %  ┃   8.000e-04  │   00:52 min  ┃      0.0817  │     96.73 %  ┃
┃         183  ┃      0.0116  │     99.56 %  ┃   8.000e-04  │   00:52 min  ┃      0.0809  │     96.81 %  ┃
┃         184  ┃      0.0119  │     99.54 %  ┃   8.000e-04  │   00:52 min  ┃      0.0809  │     96.71 %  ┃
┃         185  ┃      0.0114  │     99.61 %  ┃   8.000e-04  │   00:52 min  ┃      0.0812  │     96.76 %  ┃
┃         186  ┃      0.0114  │     99.56 %  ┃   8.000e-04  │   00:52 min  ┃      0.0813  │     96.66 %  ┃
┃         187  ┃      0.0116  │     99.59 %  ┃   8.000e-04  │   00:52 min  ┃      0.0814  │     96.74 %  ┃
┃         188  ┃      0.0118  │     99.59 %  ┃   8.000e-04  │   00:52 min  ┃      0.0811  │     96.82 %  ┃
┃         189  ┃      0.0107  │     99.61 %  ┃   8.000e-04  │   00:52 min  ┃      0.0805  │     96.86 %  ┃
┃         190  ┃      0.0111  │     99.60 %  ┃   8.000e-04  │   00:52 min  ┃      0.0796  │     96.93 %  ┃
┃         191  ┃      0.0105  │     99.60 %  ┃   8.000e-04  │   00:52 min  ┃      0.0805  │     96.76 %  ┃
┃         192  ┃      0.0115  │     99.58 %  ┃   8.000e-04  │   00:52 min  ┃      0.0812  │     96.79 %  ┃
┃         193  ┃      0.0117  │     99.58 %  ┃   8.000e-04  │   00:52 min  ┃      0.0807  │     96.81 %  ┃
┃         194  ┃      0.0109  │     99.61 %  ┃   8.000e-04  │   00:52 min  ┃      0.0809  │     96.84 %  ┃
┃         195  ┃      0.0103  │     99.64 %  ┃   8.000e-04  │   00:52 min  ┃      0.0805  │     96.76 %  ┃
┃         196  ┃      0.0106  │     99.63 %  ┃   8.000e-04  │   00:52 min  ┃      0.0801  │     96.81 %  ┃
┃         197  ┃      0.0108  │     99.59 %  ┃   8.000e-04  │   00:52 min  ┃      0.0811  │     96.81 %  ┃
┃         198  ┃      0.0108  │     99.59 %  ┃   8.000e-04  │   00:52 min  ┃      0.0798  │     96.89 %  ┃
┃         199  ┃      0.0121  │     99.54 %  ┃   8.000e-04  │   00:52 min  ┃      0.0810  │     96.79 %  ┃
Loss plot saved as adaptive_lookahead_k+=5_training_validation_loss.png
Accuracy plot saved as adaptive_lookahead_k+=5_training_validation_accuracy.png