(gen) bg91882@ra5-5 example$ python train_adaptive_K_lookahead.py --label adaptive_k_5_lookahead
Files already downloaded and verified
Files already downloaded and verified
Files already downloaded and verified
┏━━━━━━━━━━━━━━┳━━━━━━━╸T╺╸R╺╸A╺╸I╺╸N╺━━━━━━━┳━━━━━━━╸S╺╸T╺╸A╺╸T╺╸S╺━━━━━━━┳━━━━━━━╸V╺╸A╺╸L╺╸I╺╸D╺━━━━━━━┓
┃              ┃              ╷              ┃              ╷              ┃              ╷              ┃
┃       epoch  ┃        loss  │    accuracy  ┃        l.r.  │     elapsed  ┃        loss  │    accuracy  ┃
┠──────────────╂──────────────┼──────────────╂──────────────┼──────────────╂──────────────┼──────────────┨
┃           0  ┃      1.1497  │     45.19 %  ┃   1.000e-01  │   00:54 min  ┃      0.8078  │     63.56 %  ┃
┃           1  ┃      0.7545  │     65.76 %  ┃   1.000e-01  │   00:53 min  ┃      0.7216  │     69.11 %  ┃
┃           2  ┃      0.5976  │     73.52 %  ┃   1.000e-01  │   00:53 min  ┃      0.7432  │     68.46 %  ┃
┃           3  ┃      0.5105  │     77.70 %  ┃   1.000e-01  │   00:53 min  ┃      0.6147  │     74.63 %  ┃
┃           4  ┃      0.4603  │     79.93 %  ┃   1.000e-01  │   00:53 min  ┃      0.4211  │     82.73 %  ┃
┃           5  ┃      0.4161  │     81.80 %  ┃   1.000e-01  │   00:53 min  ┃      0.4319  │     81.71 %  ┃
┃           6  ┃      0.3899  │     82.92 %  ┃   1.000e-01  │   00:53 min  ┃      0.3653  │     84.25 %  ┃
┃           7  ┃      0.3654  │     84.04 %  ┃   1.000e-01  │   00:53 min  ┃      0.6493  │     71.98 %  ┃
┃           8  ┃      0.3463  │     84.86 %  ┃   1.000e-01  │   00:53 min  ┃      0.4636  │     79.74 %  ┃
┃           9  ┃      0.3263  │     85.74 %  ┃   1.000e-01  │   00:53 min  ┃      0.3349  │     85.78 %  ┃
┃          10  ┃      0.3112  │     86.42 %  ┃   1.000e-01  │   00:53 min  ┃      0.3017  │     87.16 %  ┃
┃          11  ┃      0.2997  │     87.07 %  ┃   1.000e-01  │   00:53 min  ┃      0.2984  │     87.26 %  ┃
┃          12  ┃      0.2913  │     87.33 %  ┃   1.000e-01  │   00:53 min  ┃      0.4027  │     83.16 %  ┃
┃          13  ┃      0.2840  │     87.63 %  ┃   1.000e-01  │   00:53 min  ┃      0.3989  │     82.98 %  ┃
┃          14  ┃      0.2769  │     87.96 %  ┃   1.000e-01  │   00:53 min  ┃      0.2377  │     89.80 %  ┃
┃          15  ┃      0.2706  │     88.13 %  ┃   1.000e-01  │   00:53 min  ┃      0.2660  │     88.84 %  ┃
┃          16  ┃      0.2655  │     88.36 %  ┃   1.000e-01  │   00:53 min  ┃      0.3188  │     86.36 %  ┃
┃          17  ┃      0.2627  │     88.59 %  ┃   1.000e-01  │   00:53 min  ┃      0.4245  │     82.46 %  ┃
┃          18  ┃      0.2522  │     89.08 %  ┃   1.000e-01  │   00:53 min  ┃      0.4400  │     81.42 %  ┃
┃          19  ┃      0.2522  │     88.99 %  ┃   1.000e-01  │   00:53 min  ┃      0.2257  │     90.54 %  ┃
┃          20  ┃      0.2523  │     88.91 %  ┃   1.000e-01  │   00:53 min  ┃      0.2603  │     89.06 %  ┃
┃          21  ┃      0.2430  │     89.52 %  ┃   1.000e-01  │   00:53 min  ┃      0.3238  │     86.60 %  ┃
┃          22  ┃      0.2381  │     89.59 %  ┃   1.000e-01  │   00:53 min  ┃      0.3498  │     85.35 %  ┃
┃          23  ┃      0.2355  │     89.74 %  ┃   1.000e-01  │   00:53 min  ┃      0.6433  │     72.99 %  ┃
┃          24  ┃      0.2347  │     89.77 %  ┃   1.000e-01  │   00:53 min  ┃      0.2970  │     87.51 %  ┃
┃          25  ┃      0.2341  │     89.68 %  ┃   1.000e-01  │   00:53 min  ┃      0.2346  │     90.21 %  ┃
┃          26  ┃      0.2281  │     90.12 %  ┃   1.000e-01  │   00:53 min  ┃      0.3977  │     83.80 %  ┃
┃          27  ┃      0.2231  │     90.35 %  ┃   1.000e-01  │   00:53 min  ┃      0.3309  │     85.87 %  ┃
┃          28  ┃      0.2244  │     90.25 %  ┃   1.000e-01  │   00:53 min  ┃      0.3788  │     84.65 %  ┃
┃          29  ┃      0.2211  │     90.47 %  ┃   1.000e-01  │   00:53 min  ┃      0.2334  │     89.89 %  ┃
┃          30  ┃      0.2176  │     90.62 %  ┃   1.000e-01  │   00:53 min  ┃      0.2603  │     89.29 %  ┃
┃          31  ┃      0.2191  │     90.53 %  ┃   1.000e-01  │   00:53 min  ┃      0.2639  │     88.70 %  ┃
┃          32  ┃      0.2153  │     90.68 %  ┃   1.000e-01  │   00:53 min  ┃      0.4763  │     80.45 %  ┃
┃          33  ┃      0.2093  │     90.90 %  ┃   1.000e-01  │   00:53 min  ┃      0.4672  │     81.78 %  ┃
┃          34  ┃      0.2106  │     90.88 %  ┃   1.000e-01  │   00:52 min  ┃      0.2132  │     91.07 %  ┃
┃          35  ┃      0.2140  │     90.76 %  ┃   1.000e-01  │   00:52 min  ┃      0.2228  │     90.40 %  ┃
┃          36  ┃      0.2118  │     90.79 %  ┃   1.000e-01  │   00:52 min  ┃      0.2750  │     88.22 %  ┃
┃          37  ┃      0.2050  │     91.09 %  ┃   1.000e-01  │   00:53 min  ┃      0.4188  │     82.33 %  ┃
┃          38  ┃      0.2077  │     91.09 %  ┃   1.000e-01  │   00:53 min  ┃      0.3768  │     84.19 %  ┃
┃          39  ┃      0.2020  │     91.17 %  ┃   1.000e-01  │   00:52 min  ┃      0.2122  │     90.82 %  ┃
┃          40  ┃      0.2044  │     91.11 %  ┃   1.000e-01  │   00:53 min  ┃      0.2164  │     90.69 %  ┃
┃          41  ┃      0.2020  │     91.19 %  ┃   1.000e-01  │   00:52 min  ┃      0.2604  │     89.27 %  ┃
┃          42  ┃      0.1951  │     91.57 %  ┃   1.000e-01  │   00:52 min  ┃      0.3354  │     86.77 %  ┃
┃          43  ┃      0.1997  │     91.41 %  ┃   1.000e-01  │   00:52 min  ┃      0.4605  │     81.15 %  ┃
┃          44  ┃      0.1977  │     91.40 %  ┃   1.000e-01  │   00:52 min  ┃      0.2216  │     90.62 %  ┃
┃          45  ┃      0.1966  │     91.54 %  ┃   1.000e-01  │   00:52 min  ┃      0.2340  │     90.29 %  ┃
┃          46  ┃      0.1995  │     91.29 %  ┃   1.000e-01  │   00:52 min  ┃      0.3029  │     87.78 %  ┃
┃          47  ┃      0.1945  │     91.64 %  ┃   1.000e-01  │   00:52 min  ┃      0.3496  │     85.79 %  ┃
┃          48  ┃      0.1910  │     91.85 %  ┃   1.000e-01  │   00:52 min  ┃      0.4222  │     82.42 %  ┃
┃          49  ┃      0.1975  │     91.45 %  ┃   1.000e-01  │   00:52 min  ┃      0.2316  │     90.21 %  ┃
┃          50  ┃      0.1923  │     91.69 %  ┃   1.000e-01  │   00:52 min  ┃      0.2119  │     91.14 %  ┃
┃          51  ┃      0.1933  │     91.72 %  ┃   1.000e-01  │   00:52 min  ┃      0.2311  │     90.41 %  ┃
┃          52  ┃      0.1909  │     91.75 %  ┃   1.000e-01  │   00:52 min  ┃      0.2955  │     87.77 %  ┃
┃          53  ┃      0.1890  │     91.75 %  ┃   1.000e-01  │   00:52 min  ┃      0.2800  │     88.42 %  ┃
┃          54  ┃      0.1882  │     91.91 %  ┃   1.000e-01  │   00:52 min  ┃      0.1898  │     92.03 %  ┃
┃          55  ┃      0.1903  │     91.78 %  ┃   1.000e-01  │   00:52 min  ┃      0.1954  │     91.68 %  ┃
┃          56  ┃      0.1877  │     91.89 %  ┃   1.000e-01  │   00:52 min  ┃      0.3357  │     85.34 %  ┃
┃          57  ┃      0.1895  │     91.78 %  ┃   1.000e-01  │   00:53 min  ┃      0.3029  │     87.27 %  ┃
┃          58  ┃      0.1839  │     92.13 %  ┃   1.000e-01  │   00:53 min  ┃      0.2874  │     87.95 %  ┃
┃          59  ┃      0.1844  │     92.08 %  ┃   1.000e-01  │   00:52 min  ┃      0.2017  │     91.52 %  ┃

Learning rate decreased from 0.100000 to 0.020000. New k: 25
┃          60  ┃      0.1019  │     95.80 %  ┃   2.000e-02  │   00:52 min  ┃      0.1189  │     95.09 %  ┃
┃          61  ┃      0.0783  │     96.82 %  ┃   2.000e-02  │   00:52 min  ┃      0.1275  │     94.75 %  ┃
┃          62  ┃      0.0715  │     97.13 %  ┃   2.000e-02  │   00:52 min  ┃      0.1159  │     95.27 %  ┃
┃          63  ┃      0.0712  │     97.14 %  ┃   2.000e-02  │   00:52 min  ┃      0.1224  │     94.91 %  ┃
┃          64  ┃      0.0655  │     97.35 %  ┃   2.000e-02  │   00:52 min  ┃      0.1168  │     95.10 %  ┃
┃          65  ┃      0.0635  │     97.47 %  ┃   2.000e-02  │   00:52 min  ┃      0.1154  │     95.25 %  ┃
┃          66  ┃      0.0619  │     97.51 %  ┃   2.000e-02  │   00:52 min  ┃      0.1210  │     94.98 %  ┃
┃          67  ┃      0.0602  │     97.64 %  ┃   2.000e-02  │   00:52 min  ┃      0.1226  │     95.10 %  ┃
┃          68  ┃      0.0609  │     97.60 %  ┃   2.000e-02  │   00:52 min  ┃      0.1088  │     95.47 %  ┃
┃          69  ┃      0.0634  │     97.41 %  ┃   2.000e-02  │   00:52 min  ┃      0.1381  │     94.29 %  ┃
┃          70  ┃      0.0580  │     97.73 %  ┃   2.000e-02  │   00:52 min  ┃      0.1290  │     94.62 %  ┃
┃          71  ┃      0.0587  │     97.60 %  ┃   2.000e-02  │   00:52 min  ┃      0.1250  │     95.06 %  ┃
┃          72  ┃      0.0626  │     97.47 %  ┃   2.000e-02  │   00:52 min  ┃      0.1462  │     94.08 %  ┃
┃          73  ┃      0.0571  │     97.75 %  ┃   2.000e-02  │   00:52 min  ┃      0.1406  │     94.29 %  ┃
┃          74  ┃      0.0606  │     97.62 %  ┃   2.000e-02  │   00:52 min  ┃      0.1073  │     95.54 %  ┃
┃          75  ┃      0.0617  │     97.50 %  ┃   2.000e-02  │   00:52 min  ┃      0.1339  │     94.64 %  ┃
┃          76  ┃      0.0637  │     97.39 %  ┃   2.000e-02  │   00:52 min  ┃      0.1660  │     93.16 %  ┃
┃          77  ┃      0.0616  │     97.52 %  ┃   2.000e-02  │   00:52 min  ┃      0.1415  │     94.35 %  ┃
┃          78  ┃      0.0612  │     97.57 %  ┃   2.000e-02  │   00:52 min  ┃      0.1707  │     93.17 %  ┃
┃          79  ┃      0.0644  │     97.39 %  ┃   2.000e-02  │   00:52 min  ┃      0.1624  │     93.47 %  ┃
┃          80  ┃      0.0655  │     97.35 %  ┃   2.000e-02  │   00:52 min  ┃      0.1547  │     93.79 %  ┃
┃          81  ┃      0.0635  │     97.43 %  ┃   2.000e-02  │   00:52 min  ┃      0.1467  │     94.21 %  ┃
┃          82  ┃      0.0684  │     97.18 %  ┃   2.000e-02  │   00:52 min  ┃      0.1439  │     94.23 %  ┃
┃          83  ┃      0.0652  │     97.37 %  ┃   2.000e-02  │   00:52 min  ┃      0.1526  │     94.04 %  ┃
┃          84  ┃      0.0626  │     97.45 %  ┃   2.000e-02  │   00:52 min  ┃      0.1806  │     92.77 %  ┃
┃          85  ┃      0.0695  │     97.16 %  ┃   2.000e-02  │   00:52 min  ┃      0.1133  │     95.31 %  ┃
┃          86  ┃      0.0661  │     97.26 %  ┃   2.000e-02  │   00:52 min  ┃      0.1659  │     93.36 %  ┃
┃          87  ┃      0.0667  │     97.34 %  ┃   2.000e-02  │   00:52 min  ┃      0.1358  │     94.45 %  ┃
┃          88  ┃      0.0715  │     97.07 %  ┃   2.000e-02  │   00:52 min  ┃      0.1674  │     93.13 %  ┃
┃          89  ┃      0.0690  │     97.16 %  ┃   2.000e-02  │   00:52 min  ┃      0.1776  │     92.73 %  ┃
┃          90  ┃      0.0704  │     97.08 %  ┃   2.000e-02  │   00:52 min  ┃      0.1486  │     93.94 %  ┃
┃          91  ┃      0.0674  │     97.28 %  ┃   2.000e-02  │   00:52 min  ┃      0.1912  │     92.33 %  ┃
┃          92  ┃      0.0696  │     97.16 %  ┃   2.000e-02  │   00:52 min  ┃      0.1684  │     93.09 %  ┃
┃          93  ┃      0.0714  │     97.12 %  ┃   2.000e-02  │   00:52 min  ┃      0.1341  │     94.73 %  ┃
┃          94  ┃      0.0693  │     97.12 %  ┃   2.000e-02  │   00:52 min  ┃      0.1552  │     93.60 %  ┃
┃          95  ┃      0.0692  │     97.17 %  ┃   2.000e-02  │   00:52 min  ┃      0.1895  │     92.31 %  ┃
┃          96  ┃      0.0721  │     97.00 %  ┃   2.000e-02  │   00:52 min  ┃      0.1331  │     94.57 %  ┃
┃          97  ┃      0.0706  │     97.08 %  ┃   2.000e-02  │   00:52 min  ┃      0.1896  │     92.42 %  ┃
┃          98  ┃      0.0682  │     97.24 %  ┃   2.000e-02  │   00:52 min  ┃      0.1934  │     91.86 %  ┃
┃          99  ┃      0.0701  │     97.14 %  ┃   2.000e-02  │   00:52 min  ┃      0.1169  │     95.24 %  ┃
┃         100  ┃      0.0711  │     97.04 %  ┃   2.000e-02  │   00:52 min  ┃      0.2005  │     91.77 %  ┃
┃         101  ┃      0.0736  │     97.00 %  ┃   2.000e-02  │   00:52 min  ┃      0.1370  │     94.31 %  ┃
┃         102  ┃      0.0714  │     97.04 %  ┃   2.000e-02  │   00:52 min  ┃      0.1895  │     92.18 %  ┃
┃         103  ┃      0.0695  │     97.09 %  ┃   2.000e-02  │   00:52 min  ┃      0.1659  │     92.95 %  ┃
┃         104  ┃      0.0694  │     97.13 %  ┃   2.000e-02  │   00:52 min  ┃      0.1669  │     93.57 %  ┃
┃         105  ┃      0.0705  │     97.11 %  ┃   2.000e-02  │   00:52 min  ┃      0.2055  │     91.64 %  ┃
┃         106  ┃      0.0767  │     96.71 %  ┃   2.000e-02  │   00:52 min  ┃      0.1833  │     92.57 %  ┃
┃         107  ┃      0.0732  │     96.95 %  ┃   2.000e-02  │   00:52 min  ┃      0.1466  │     93.96 %  ┃
┃         108  ┃      0.0706  │     97.08 %  ┃   2.000e-02  │   00:52 min  ┃      0.1815  │     92.78 %  ┃
┃         109  ┃      0.0729  │     96.99 %  ┃   2.000e-02  │   00:52 min  ┃      0.1806  │     92.39 %  ┃
┃         110  ┃      0.0687  │     97.17 %  ┃   2.000e-02  │   00:52 min  ┃      0.1392  │     94.43 %  ┃
┃         111  ┃      0.0715  │     97.11 %  ┃   2.000e-02  │   00:52 min  ┃      0.2053  │     91.91 %  ┃
┃         112  ┃      0.0709  │     97.02 %  ┃   2.000e-02  │   00:52 min  ┃      0.2090  │     91.50 %  ┃
┃         113  ┃      0.0712  │     97.03 %  ┃   2.000e-02  │   00:52 min  ┃      0.2119  │     91.50 %  ┃
┃         114  ┃      0.0697  │     97.09 %  ┃   2.000e-02  │   00:52 min  ┃      0.1516  │     93.82 %  ┃
┃         115  ┃      0.0704  │     97.07 %  ┃   2.000e-02  │   00:52 min  ┃      0.1539  │     93.64 %  ┃
┃         116  ┃      0.0721  │     97.07 %  ┃   2.000e-02  │   00:52 min  ┃      0.1969  │     91.98 %  ┃
┃         117  ┃      0.0730  │     96.98 %  ┃   2.000e-02  │   00:52 min  ┃      0.1821  │     92.71 %  ┃
┃         118  ┃      0.0698  │     97.02 %  ┃   2.000e-02  │   00:52 min  ┃      0.1924  │     92.49 %  ┃
┃         119  ┃      0.0699  │     97.11 %  ┃   2.000e-02  │   00:52 min  ┃      0.2162  │     91.28 %  ┃

Learning rate decreased from 0.020000 to 0.004000. New k: 125
┃         120  ┃      0.0388  │     98.49 %  ┃   4.000e-03  │   00:52 min  ┃      0.0995  │     96.10 %  ┃
┃         121  ┃      0.0311  │     98.79 %  ┃   4.000e-03  │   00:52 min  ┃      0.0936  │     96.27 %  ┃
┃         122  ┃      0.0289  │     98.86 %  ┃   4.000e-03  │   00:52 min  ┃      0.0961  │     96.17 %  ┃
┃         123  ┃      0.0255  │     99.04 %  ┃   4.000e-03  │   00:52 min  ┃      0.0920  │     96.43 %  ┃
┃         124  ┃      0.0242  │     99.09 %  ┃   4.000e-03  │   00:52 min  ┃      0.0873  │     96.53 %  ┃
┃         125  ┃      0.0257  │     99.04 %  ┃   4.000e-03  │   00:52 min  ┃      0.0904  │     96.50 %  ┃
┃         126  ┃      0.0243  │     99.06 %  ┃   4.000e-03  │   00:52 min  ┃      0.0909  │     96.33 %  ┃
┃         127  ┃      0.0235  │     99.08 %  ┃   4.000e-03  │   00:52 min  ┃      0.0905  │     96.46 %  ┃
┃         128  ┃      0.0234  │     99.10 %  ┃   4.000e-03  │   00:52 min  ┃      0.0909  │     96.34 %  ┃
┃         129  ┃      0.0232  │     99.12 %  ┃   4.000e-03  │   00:52 min  ┃      0.0888  │     96.41 %  ┃
┃         130  ┃      0.0224  │     99.15 %  ┃   4.000e-03  │   00:52 min  ┃      0.0866  │     96.50 %  ┃
┃         131  ┃      0.0217  │     99.17 %  ┃   4.000e-03  │   00:52 min  ┃      0.0859  │     96.58 %  ┃
┃         132  ┃      0.0218  │     99.19 %  ┃   4.000e-03  │   00:52 min  ┃      0.0808  │     96.74 %  ┃
┃         133  ┃      0.0206  │     99.21 %  ┃   4.000e-03  │   00:52 min  ┃      0.0831  │     96.62 %  ┃
┃         134  ┃      0.0209  │     99.19 %  ┃   4.000e-03  │   00:52 min  ┃      0.0855  │     96.55 %  ┃
┃         135  ┃      0.0200  │     99.25 %  ┃   4.000e-03  │   00:52 min  ┃      0.0877  │     96.34 %  ┃
┃         136  ┃      0.0191  │     99.27 %  ┃   4.000e-03  │   00:52 min  ┃      0.0912  │     96.24 %  ┃
┃         137  ┃      0.0207  │     99.18 %  ┃   4.000e-03  │   00:52 min  ┃      0.0937  │     96.23 %  ┃
┃         138  ┃      0.0201  │     99.26 %  ┃   4.000e-03  │   00:52 min  ┃      0.0865  │     96.44 %  ┃
┃         139  ┃      0.0214  │     99.15 %  ┃   4.000e-03  │   00:52 min  ┃      0.0923  │     96.31 %  ┃
┃         140  ┃      0.0201  │     99.24 %  ┃   4.000e-03  │   00:52 min  ┃      0.0875  │     96.52 %  ┃
┃         141  ┃      0.0198  │     99.25 %  ┃   4.000e-03  │   00:52 min  ┃      0.0856  │     96.51 %  ┃
┃         142  ┃      0.0192  │     99.24 %  ┃   4.000e-03  │   00:52 min  ┃      0.0892  │     96.34 %  ┃
┃         143  ┃      0.0210  │     99.20 %  ┃   4.000e-03  │   00:52 min  ┃      0.0896  │     96.37 %  ┃
┃         144  ┃      0.0198  │     99.21 %  ┃   4.000e-03  │   00:52 min  ┃      0.0912  │     96.24 %  ┃
┃         145  ┃      0.0188  │     99.30 %  ┃   4.000e-03  │   00:52 min  ┃      0.0937  │     96.28 %  ┃
┃         146  ┃      0.0188  │     99.30 %  ┃   4.000e-03  │   00:52 min  ┃      0.0932  │     96.24 %  ┃
┃         147  ┃      0.0186  │     99.30 %  ┃   4.000e-03  │   00:52 min  ┃      0.0929  │     96.36 %  ┃
┃         148  ┃      0.0190  │     99.28 %  ┃   4.000e-03  │   00:52 min  ┃      0.0864  │     96.48 %  ┃
┃         149  ┃      0.0192  │     99.21 %  ┃   4.000e-03  │   00:52 min  ┃      0.0877  │     96.52 %  ┃
┃         150  ┃      0.0186  │     99.28 %  ┃   4.000e-03  │   00:52 min  ┃      0.0901  │     96.32 %  ┃
┃         151  ┃      0.0187  │     99.30 %  ┃   4.000e-03  │   00:52 min  ┃      0.0928  │     96.19 %  ┃
┃         152  ┃      0.0180  │     99.33 %  ┃   4.000e-03  │   00:52 min  ┃      0.0893  │     96.33 %  ┃
┃         153  ┃      0.0185  │     99.28 %  ┃   4.000e-03  │   00:52 min  ┃      0.0916  │     96.24 %  ┃
┃         154  ┃      0.0182  │     99.32 %  ┃   4.000e-03  │   00:52 min  ┃      0.0922  │     96.30 %  ┃
┃         155  ┃      0.0177  │     99.32 %  ┃   4.000e-03  │   00:52 min  ┃      0.0938  │     96.13 %  ┃
┃         156  ┃      0.0193  │     99.25 %  ┃   4.000e-03  │   00:52 min  ┃      0.0877  │     96.56 %  ┃
┃         157  ┃      0.0175  │     99.34 %  ┃   4.000e-03  │   00:52 min  ┃      0.0887  │     96.43 %  ┃
┃         158  ┃      0.0185  │     99.29 %  ┃   4.000e-03  │   00:52 min  ┃      0.0868  │     96.46 %  ┃
┃         159  ┃      0.0180  │     99.33 %  ┃   4.000e-03  │   00:52 min  ┃      0.0877  │     96.54 %  ┃

Learning rate decreased from 0.004000 to 0.000800. New k: 625
┃         160  ┃      0.0165  │     99.39 %  ┃   8.000e-04  │   00:52 min  ┃      0.0831  │     96.61 %  ┃
┃         161  ┃      0.0143  │     99.48 %  ┃   8.000e-04  │   00:52 min  ┃      0.0796  │     96.83 %  ┃
┃         162  ┃      0.0147  │     99.42 %  ┃   8.000e-04  │   00:52 min  ┃      0.0793  │     96.77 %  ┃
┃         163  ┃      0.0139  │     99.45 %  ┃   8.000e-04  │   00:52 min  ┃      0.0791  │     96.70 %  ┃
┃         164  ┃      0.0146  │     99.42 %  ┃   8.000e-04  │   00:52 min  ┃      0.0811  │     96.73 %  ┃
┃         165  ┃      0.0122  │     99.55 %  ┃   8.000e-04  │   00:52 min  ┃      0.0815  │     96.69 %  ┃
┃         166  ┃      0.0139  │     99.49 %  ┃   8.000e-04  │   00:52 min  ┃      0.0799  │     96.75 %  ┃
┃         167  ┃      0.0129  │     99.51 %  ┃   8.000e-04  │   00:52 min  ┃      0.0800  │     96.73 %  ┃
┃         168  ┃      0.0139  │     99.48 %  ┃   8.000e-04  │   00:52 min  ┃      0.0791  │     96.75 %  ┃
┃         169  ┃      0.0131  │     99.48 %  ┃   8.000e-04  │   00:52 min  ┃      0.0786  │     96.80 %  ┃
┃         170  ┃      0.0133  │     99.49 %  ┃   8.000e-04  │   00:52 min  ┃      0.0778  │     96.81 %  ┃
┃         171  ┃      0.0112  │     99.60 %  ┃   8.000e-04  │   00:52 min  ┃      0.0765  │     96.88 %  ┃
┃         172  ┃      0.0122  │     99.55 %  ┃   8.000e-04  │   00:52 min  ┃      0.0778  │     96.70 %  ┃
┃         173  ┃      0.0122  │     99.56 %  ┃   8.000e-04  │   00:52 min  ┃      0.0786  │     96.88 %  ┃
┃         174  ┃      0.0116  │     99.59 %  ┃   8.000e-04  │   00:52 min  ┃      0.0790  │     96.77 %  ┃
┃         175  ┃      0.0127  │     99.52 %  ┃   8.000e-04  │   00:52 min  ┃      0.0767  │     96.80 %  ┃
┃         176  ┃      0.0117  │     99.59 %  ┃   8.000e-04  │   00:52 min  ┃      0.0791  │     96.84 %  ┃
┃         177  ┃      0.0121  │     99.55 %  ┃   8.000e-04  │   00:52 min  ┃      0.0789  │     96.85 %  ┃
┃         178  ┃      0.0117  │     99.56 %  ┃   8.000e-04  │   00:52 min  ┃      0.0784  │     96.72 %  ┃
┃         179  ┃      0.0127  │     99.54 %  ┃   8.000e-04  │   00:52 min  ┃      0.0790  │     96.82 %  ┃
┃         180  ┃      0.0131  │     99.50 %  ┃   8.000e-04  │   00:52 min  ┃      0.0758  │     96.98 %  ┃
┃         181  ┃      0.0126  │     99.53 %  ┃   8.000e-04  │   00:52 min  ┃      0.0785  │     96.66 %  ┃
┃         182  ┃      0.0112  │     99.60 %  ┃   8.000e-04  │   00:52 min  ┃      0.0792  │     96.78 %  ┃
┃         183  ┃      0.0117  │     99.57 %  ┃   8.000e-04  │   00:52 min  ┃      0.0782  │     96.75 %  ┃
┃         184  ┃      0.0114  │     99.56 %  ┃   8.000e-04  │   00:52 min  ┃      0.0768  │     96.83 %  ┃
┃         185  ┃      0.0117  │     99.59 %  ┃   8.000e-04  │   00:52 min  ┃      0.0780  │     96.75 %  ┃
┃         186  ┃      0.0114  │     99.57 %  ┃   8.000e-04  │   00:52 min  ┃      0.0793  │     96.83 %  ┃
┃         187  ┃      0.0119  │     99.59 %  ┃   8.000e-04  │   00:52 min  ┃      0.0771  │     96.90 %  ┃
┃         188  ┃      0.0125  │     99.53 %  ┃   8.000e-04  │   00:52 min  ┃      0.0771  │     96.85 %  ┃
┃         189  ┃      0.0115  │     99.57 %  ┃   8.000e-04  │   00:52 min  ┃      0.0785  │     96.87 %  ┃
┃         190  ┃      0.0114  │     99.57 %  ┃   8.000e-04  │   00:52 min  ┃      0.0784  │     96.84 %  ┃
┃         191  ┃      0.0106  │     99.60 %  ┃   8.000e-04  │   00:52 min  ┃      0.0776  │     96.82 %  ┃
┃         192  ┃      0.0119  │     99.56 %  ┃   8.000e-04  │   00:52 min  ┃      0.0785  │     96.83 %  ┃
┃         193  ┃      0.0114  │     99.58 %  ┃   8.000e-04  │   00:52 min  ┃      0.0783  │     96.78 %  ┃
┃         194  ┃      0.0114  │     99.57 %  ┃   8.000e-04  │   00:52 min  ┃      0.0779  │     96.81 %  ┃
┃         195  ┃      0.0103  │     99.62 %  ┃   8.000e-04  │   00:52 min  ┃      0.0782  │     96.77 %  ┃
┃         196  ┃      0.0114  │     99.60 %  ┃   8.000e-04  │   00:52 min  ┃      0.0784  │     96.80 %  ┃
┃         197  ┃      0.0111  │     99.60 %  ┃   8.000e-04  │   00:52 min  ┃      0.0792  │     96.80 %  ┃
┃         198  ┃      0.0106  │     99.62 %  ┃   8.000e-04  │   00:52 min  ┃      0.0779  │     96.86 %  ┃
┃         199  ┃      0.0126  │     99.50 %  ┃   8.000e-04  │   00:52 min  ┃      0.0778  │     96.70 %  ┃
Loss plot saved as adaptive_k_5_lookahead_training_validation_loss.png
Accuracy plot saved as adaptive_k_5_lookahead_training_validation_accuracy.png
