(gen) bg91882@ra7-6 greedy_lookahead_optimizer$ python baseline_sgdm.py 
Files already downloaded and verified
Files already downloaded and verified
Files already downloaded and verified
┏━━━━━━━━━━━━━━┳━━━━━━━╸T╺╸R╺╸A╺╸I╺╸N╺━━━━━━━┳━━━━━━━╸S╺╸T╺╸A╺╸T╺╸S╺━━━━━━━┳━━━━━━━╸V╺╸A╺╸L╺╸I╺╸D╺━━━━━━━┓
┃              ┃              ╷              ┃              ╷              ┃              ╷              ┃
┃       epoch  ┃        loss  │    accuracy  ┃        l.r.  │     elapsed  ┃        loss  │    accuracy  ┃
┠──────────────╂──────────────┼──────────────╂──────────────┼──────────────╂──────────────┼──────────────┨
┃           0  ┃      1.1684  │     44.34 %  ┃   1.000e-01  │   00:50 min  ┃      1.0295  │     53.88 %  ┃
┃           1  ┃      0.7920  │     63.71 %  ┃   1.000e-01  │   00:50 min  ┃      1.1230  │     53.52 %  ┃
┃           2  ┃      0.6482  │     70.97 %  ┃   1.000e-01  │   00:50 min  ┃      0.6408  │     71.87 %  ┃
┃           3  ┃      0.5640  │     74.68 %  ┃   1.000e-01  │   00:50 min  ┃      0.6742  │     70.60 %  ┃
┃           4  ┃      0.5025  │     77.65 %  ┃   1.000e-01  │   00:50 min  ┃      0.5592  │     76.21 %  ┃
┃           5  ┃      0.4752  │     78.91 %  ┃   1.000e-01  │   00:50 min  ┃      0.5547  │     76.06 %  ┃
┃           6  ┃      0.4415  │     80.47 %  ┃   1.000e-01  │   00:50 min  ┃      0.5289  │     76.68 %  ┃
┃           7  ┃      0.4242  │     81.35 %  ┃   1.000e-01  │   00:49 min  ┃      0.4723  │     80.27 %  ┃
┃           8  ┃      0.4063  │     82.14 %  ┃   1.000e-01  │   00:49 min  ┃      0.4447  │     81.14 %  ┃
┃           9  ┃      0.4002  │     82.38 %  ┃   1.000e-01  │   00:49 min  ┃      0.4905  │     78.56 %  ┃
┃          10  ┃      0.3876  │     82.79 %  ┃   1.000e-01  │   00:49 min  ┃      0.5089  │     78.65 %  ┃
┃          11  ┃      0.3832  │     83.20 %  ┃   1.000e-01  │   00:49 min  ┃      0.5572  │     76.53 %  ┃
┃          12  ┃      0.3739  │     83.65 %  ┃   1.000e-01  │   00:49 min  ┃      0.7137  │     71.88 %  ┃
┃          13  ┃      0.3698  │     83.83 %  ┃   1.000e-01  │   00:49 min  ┃      0.3887  │     83.52 %  ┃
┃          14  ┃      0.3574  │     84.30 %  ┃   1.000e-01  │   00:49 min  ┃      0.3359  │     85.69 %  ┃
┃          15  ┃      0.3505  │     84.79 %  ┃   1.000e-01  │   00:49 min  ┃      0.3826  │     83.60 %  ┃
┃          16  ┃      0.3444  │     84.98 %  ┃   1.000e-01  │   00:49 min  ┃      0.8103  │     68.94 %  ┃
┃          17  ┃      0.3381  │     85.31 %  ┃   1.000e-01  │   00:49 min  ┃      0.5123  │     78.87 %  ┃
┃          18  ┃      0.3373  │     85.44 %  ┃   1.000e-01  │   00:49 min  ┃      0.5251  │     77.60 %  ┃
┃          19  ┃      0.3326  │     85.55 %  ┃   1.000e-01  │   00:49 min  ┃      0.4216  │     81.65 %  ┃
┃          20  ┃      0.3332  │     85.52 %  ┃   1.000e-01  │   00:49 min  ┃      0.5355  │     77.08 %  ┃
┃          21  ┃      0.3239  │     85.83 %  ┃   1.000e-01  │   00:49 min  ┃      0.4021  │     83.04 %  ┃
┃          22  ┃      0.3188  │     86.26 %  ┃   1.000e-01  │   00:49 min  ┃      0.4198  │     82.07 %  ┃
┃          23  ┃      0.3185  │     85.96 %  ┃   1.000e-01  │   00:49 min  ┃      0.5849  │     76.01 %  ┃
┃          24  ┃      0.3118  │     86.48 %  ┃   1.000e-01  │   00:49 min  ┃      0.4733  │     80.31 %  ┃
┃          25  ┃      0.3140  │     86.38 %  ┃   1.000e-01  │   00:49 min  ┃      0.3788  │     84.01 %  ┃
┃          26  ┃      0.3133  │     86.47 %  ┃   1.000e-01  │   00:49 min  ┃      0.4156  │     82.14 %  ┃
┃          27  ┃      0.3144  │     86.35 %  ┃   1.000e-01  │   00:49 min  ┃      0.3323  │     86.51 %  ┃
┃          28  ┃      0.3063  │     86.74 %  ┃   1.000e-01  │   00:49 min  ┃      0.3315  │     86.06 %  ┃
┃          29  ┃      0.3061  │     86.59 %  ┃   1.000e-01  │   00:49 min  ┃      0.3725  │     84.09 %  ┃
┃          30  ┃      0.3049  │     86.65 %  ┃   1.000e-01  │   00:49 min  ┃      0.3778  │     84.05 %  ┃
┃          31  ┃      0.3000  │     87.03 %  ┃   1.000e-01  │   00:49 min  ┃      0.4466  │     81.12 %  ┃
┃          32  ┃      0.2997  │     87.00 %  ┃   1.000e-01  │   00:49 min  ┃      0.3931  │     83.73 %  ┃
┃          33  ┃      0.2998  │     86.87 %  ┃   1.000e-01  │   00:49 min  ┃      0.6711  │     72.64 %  ┃
┃          34  ┃      0.3095  │     86.41 %  ┃   1.000e-01  │   00:49 min  ┃      0.4061  │     82.60 %  ┃
┃          35  ┃      0.2963  │     87.12 %  ┃   1.000e-01  │   00:49 min  ┃      0.3467  │     85.19 %  ┃
┃          36  ┃      0.2957  │     87.12 %  ┃   1.000e-01  │   00:49 min  ┃      0.6008  │     75.79 %  ┃
┃          37  ┃      0.2975  │     87.21 %  ┃   1.000e-01  │   00:49 min  ┃      0.4319  │     81.85 %  ┃
┃          38  ┃      0.2942  │     87.20 %  ┃   1.000e-01  │   00:49 min  ┃      0.3364  │     86.29 %  ┃
┃          39  ┃      0.2924  │     87.36 %  ┃   1.000e-01  │   00:49 min  ┃      0.3998  │     83.38 %  ┃
┃          40  ┃      0.2913  │     87.34 %  ┃   1.000e-01  │   00:49 min  ┃      0.3665  │     85.25 %  ┃
┃          41  ┃      0.2855  │     87.61 %  ┃   1.000e-01  │   00:49 min  ┃      0.3924  │     83.30 %  ┃
┃          42  ┃      0.2955  │     87.21 %  ┃   1.000e-01  │   00:49 min  ┃      0.4317  │     82.42 %  ┃
┃          43  ┃      0.2879  │     87.60 %  ┃   1.000e-01  │   00:49 min  ┃      0.3835  │     84.00 %  ┃
┃          44  ┃      0.2881  │     87.52 %  ┃   1.000e-01  │   00:49 min  ┃      0.3240  │     86.28 %  ┃
┃          45  ┃      0.2884  │     87.52 %  ┃   1.000e-01  │   00:49 min  ┃      0.4657  │     79.81 %  ┃
┃          46  ┃      0.2879  │     87.58 %  ┃   1.000e-01  │   00:49 min  ┃      0.4416  │     80.82 %  ┃
┃          47  ┃      0.2893  │     87.41 %  ┃   1.000e-01  │   00:49 min  ┃      0.5656  │     75.63 %  ┃
┃          48  ┃      0.2807  │     87.81 %  ┃   1.000e-01  │   00:49 min  ┃      0.3884  │     83.49 %  ┃
┃          49  ┃      0.2824  │     87.70 %  ┃   1.000e-01  │   00:49 min  ┃      0.4023  │     83.22 %  ┃
┃          50  ┃      0.2822  │     87.77 %  ┃   1.000e-01  │   00:49 min  ┃      0.4779  │     79.86 %  ┃
┃          51  ┃      0.2881  │     87.43 %  ┃   1.000e-01  │   00:49 min  ┃      0.3141  │     86.95 %  ┃
┃          52  ┃      0.2808  │     87.77 %  ┃   1.000e-01  │   00:49 min  ┃      0.3890  │     84.36 %  ┃
┃          53  ┃      0.2776  │     87.96 %  ┃   1.000e-01  │   00:49 min  ┃      0.4810  │     79.76 %  ┃
┃          54  ┃      0.2780  │     87.81 %  ┃   1.000e-01  │   00:49 min  ┃      0.4027  │     83.44 %  ┃
┃          55  ┃      0.2842  │     87.66 %  ┃   1.000e-01  │   00:49 min  ┃      0.3311  │     86.45 %  ┃
┃          56  ┃      0.2792  │     87.99 %  ┃   1.000e-01  │   00:49 min  ┃      0.3664  │     84.40 %  ┃
┃          57  ┃      0.2882  │     87.55 %  ┃   1.000e-01  │   00:49 min  ┃      0.4312  │     82.77 %  ┃
┃          58  ┃      0.2833  │     87.69 %  ┃   1.000e-01  │   00:49 min  ┃      0.3932  │     83.44 %  ┃
┃          59  ┃      0.2786  │     87.81 %  ┃   1.000e-01  │   00:49 min  ┃      0.3104  │     86.96 %  ┃
┃          60  ┃      0.1587  │     93.45 %  ┃   2.000e-02  │   00:49 min  ┃      0.1425  │     93.95 %  ┃
┃          61  ┃      0.1275  │     94.76 %  ┃   2.000e-02  │   00:49 min  ┃      0.1327  │     94.61 %  ┃
┃          62  ┃      0.1107  │     95.40 %  ┃   2.000e-02  │   00:49 min  ┃      0.1374  │     94.41 %  ┃
┃          63  ┃      0.1127  │     95.33 %  ┃   2.000e-02  │   00:49 min  ┃      0.1394  │     94.50 %  ┃
┃          64  ┃      0.1048  │     95.70 %  ┃   2.000e-02  │   00:49 min  ┃      0.1672  │     93.00 %  ┃
┃          65  ┃      0.1042  │     95.74 %  ┃   2.000e-02  │   00:49 min  ┃      0.1407  │     94.22 %  ┃
┃          66  ┃      0.1000  │     95.91 %  ┃   2.000e-02  │   00:49 min  ┃      0.1561  │     93.76 %  ┃
┃          67  ┃      0.1010  │     95.77 %  ┃   2.000e-02  │   00:49 min  ┃      0.1429  │     94.09 %  ┃
┃          68  ┃      0.0996  │     95.83 %  ┃   2.000e-02  │   00:49 min  ┃      0.1524  │     93.59 %  ┃
┃          69  ┃      0.0992  │     95.95 %  ┃   2.000e-02  │   00:49 min  ┃      0.1399  │     94.14 %  ┃
┃          70  ┃      0.1012  │     95.84 %  ┃   2.000e-02  │   00:49 min  ┃      0.1897  │     92.17 %  ┃
┃          71  ┃      0.1067  │     95.59 %  ┃   2.000e-02  │   00:49 min  ┃      0.1533  │     93.43 %  ┃
┃          72  ┃      0.1063  │     95.68 %  ┃   2.000e-02  │   00:49 min  ┃      0.1715  │     92.86 %  ┃
┃          73  ┃      0.1026  │     95.73 %  ┃   2.000e-02  │   00:49 min  ┃      0.1638  │     93.49 %  ┃
┃          74  ┃      0.1091  │     95.42 %  ┃   2.000e-02  │   00:49 min  ┃      0.1604  │     93.31 %  ┃
┃          75  ┃      0.1122  │     95.22 %  ┃   2.000e-02  │   00:49 min  ┃      0.2155  │     91.18 %  ┃
┃          76  ┃      0.1063  │     95.59 %  ┃   2.000e-02  │   00:49 min  ┃      0.1875  │     92.28 %  ┃
┃          77  ┃      0.1147  │     95.30 %  ┃   2.000e-02  │   00:49 min  ┃      0.1748  │     92.86 %  ┃
┃          78  ┃      0.1049  │     95.65 %  ┃   2.000e-02  │   00:49 min  ┃      0.1793  │     92.65 %  ┃
┃          79  ┃      0.1145  │     95.25 %  ┃   2.000e-02  │   00:49 min  ┃      0.2056  │     91.94 %  ┃
┃          80  ┃      0.1096  │     95.48 %  ┃   2.000e-02  │   00:49 min  ┃      0.1804  │     92.64 %  ┃
┃          81  ┃      0.1126  │     95.33 %  ┃   2.000e-02  │   00:49 min  ┃      0.1842  │     92.46 %  ┃
┃          82  ┃      0.1058  │     95.56 %  ┃   2.000e-02  │   00:49 min  ┃      0.1895  │     92.22 %  ┃
┃          83  ┃      0.1060  │     95.62 %  ┃   2.000e-02  │   00:49 min  ┃      0.2308  │     90.55 %  ┃
┃          84  ┃      0.1092  │     95.47 %  ┃   2.000e-02  │   00:49 min  ┃      0.1935  │     92.05 %  ┃
┃          85  ┃      0.1082  │     95.39 %  ┃   2.000e-02  │   00:49 min  ┃      0.1817  │     92.26 %  ┃
┃          86  ┃      0.1069  │     95.57 %  ┃   2.000e-02  │   00:49 min  ┃      0.1835  │     92.33 %  ┃
┃          87  ┃      0.1061  │     95.51 %  ┃   2.000e-02  │   00:49 min  ┃      0.1689  │     93.02 %  ┃
┃          88  ┃      0.1094  │     95.40 %  ┃   2.000e-02  │   00:49 min  ┃      0.1717  │     92.95 %  ┃
┃          89  ┃      0.1119  │     95.30 %  ┃   2.000e-02  │   00:49 min  ┃      0.1608  │     93.30 %  ┃
┃          90  ┃      0.1076  │     95.50 %  ┃   2.000e-02  │   00:49 min  ┃      0.1709  │     93.12 %  ┃
┃          91  ┃      0.1133  │     95.26 %  ┃   2.000e-02  │   00:49 min  ┃      0.1660  │     93.21 %  ┃
┃          92  ┃      0.1053  │     95.60 %  ┃   2.000e-02  │   00:49 min  ┃      0.1779  │     92.61 %  ┃
┃          93  ┃      0.1036  │     95.75 %  ┃   2.000e-02  │   00:49 min  ┃      0.1628  │     93.22 %  ┃
┃          94  ┃      0.1051  │     95.64 %  ┃   2.000e-02  │   00:49 min  ┃      0.1876  │     92.39 %  ┃
┃          95  ┃      0.1024  │     95.73 %  ┃   2.000e-02  │   00:49 min  ┃      0.1717  │     92.68 %  ┃
┃          96  ┃      0.0998  │     95.84 %  ┃   2.000e-02  │   00:49 min  ┃      0.1889  │     92.54 %  ┃
┃          97  ┃      0.1055  │     95.62 %  ┃   2.000e-02  │   00:49 min  ┃      0.1886  │     92.26 %  ┃
┃          98  ┃      0.1075  │     95.44 %  ┃   2.000e-02  │   00:49 min  ┃      0.1606  │     93.45 %  ┃
┃          99  ┃      0.0997  │     95.72 %  ┃   2.000e-02  │   00:49 min  ┃      0.1761  │     92.85 %  ┃
┃         100  ┃      0.1114  │     95.33 %  ┃   2.000e-02  │   00:49 min  ┃      0.1959  │     91.91 %  ┃
┃         101  ┃      0.1004  │     95.83 %  ┃   2.000e-02  │   00:49 min  ┃      0.1604  │     93.34 %  ┃
┃         102  ┃      0.1022  │     95.65 %  ┃   2.000e-02  │   00:49 min  ┃      0.1807  │     92.80 %  ┃
┃         103  ┃      0.1034  │     95.65 %  ┃   2.000e-02  │   00:49 min  ┃      0.1654  │     93.24 %  ┃
┃         104  ┃      0.0974  │     95.96 %  ┃   2.000e-02  │   00:49 min  ┃      0.2067  │     92.06 %  ┃
┃         105  ┃      0.0981  │     95.87 %  ┃   2.000e-02  │   00:49 min  ┃      0.1698  │     93.14 %  ┃
┃         106  ┃      0.1014  │     95.71 %  ┃   2.000e-02  │   00:49 min  ┃      0.1803  │     92.50 %  ┃
┃         107  ┃      0.1015  │     95.79 %  ┃   2.000e-02  │   00:49 min  ┃      0.2685  │     88.78 %  ┃
┃         108  ┃      0.1046  │     95.65 %  ┃   2.000e-02  │   00:49 min  ┃      0.1558  │     93.70 %  ┃
┃         109  ┃      0.1021  │     95.75 %  ┃   2.000e-02  │   00:49 min  ┃      0.1769  │     92.68 %  ┃
┃         110  ┃      0.1010  │     95.80 %  ┃   2.000e-02  │   00:49 min  ┃      0.2192  │     91.03 %  ┃
┃         111  ┃      0.1014  │     95.72 %  ┃   2.000e-02  │   00:49 min  ┃      0.1751  │     92.47 %  ┃
┃         112  ┃      0.1006  │     95.73 %  ┃   2.000e-02  │   00:49 min  ┃      0.1641  │     93.23 %  ┃
┃         113  ┃      0.1041  │     95.67 %  ┃   2.000e-02  │   00:49 min  ┃      0.1588  │     93.37 %  ┃
┃         114  ┃      0.1065  │     95.48 %  ┃   2.000e-02  │   00:49 min  ┃      0.1747  │     92.83 %  ┃
┃         115  ┃      0.0986  │     95.87 %  ┃   2.000e-02  │   00:49 min  ┃      0.1766  │     92.86 %  ┃
┃         116  ┃      0.0997  │     95.81 %  ┃   2.000e-02  │   00:49 min  ┃      0.1768  │     92.67 %  ┃
┃         117  ┃      0.0959  │     96.00 %  ┃   2.000e-02  │   00:49 min  ┃      0.1817  │     92.57 %  ┃
┃         118  ┃      0.1016  │     95.76 %  ┃   2.000e-02  │   00:49 min  ┃      0.2077  │     91.28 %  ┃
┃         119  ┃      0.0950  │     96.07 %  ┃   2.000e-02  │   00:49 min  ┃      0.1567  │     93.51 %  ┃
┃         120  ┃      0.0519  │     97.89 %  ┃   4.000e-03  │   00:49 min  ┃      0.1077  │     95.53 %  ┃
┃         121  ┃      0.0397  │     98.47 %  ┃   4.000e-03  │   00:49 min  ┃      0.1059  │     95.86 %  ┃
┃         122  ┃      0.0360  │     98.65 %  ┃   4.000e-03  │   00:49 min  ┃      0.1037  │     95.83 %  ┃
┃         123  ┃      0.0342  │     98.72 %  ┃   4.000e-03  │   00:49 min  ┃      0.1034  │     95.83 %  ┃
┃         124  ┃      0.0334  │     98.71 %  ┃   4.000e-03  │   00:49 min  ┃      0.1008  │     95.99 %  ┃
┃         125  ┃      0.0319  │     98.78 %  ┃   4.000e-03  │   00:49 min  ┃      0.1035  │     95.89 %  ┃
┃         126  ┃      0.0294  │     98.93 %  ┃   4.000e-03  │   00:49 min  ┃      0.0982  │     96.01 %  ┃
┃         127  ┃      0.0290  │     98.93 %  ┃   4.000e-03  │   00:49 min  ┃      0.1033  │     95.90 %  ┃
┃         128  ┃      0.0287  │     98.89 %  ┃   4.000e-03  │   00:49 min  ┃      0.0999  │     95.99 %  ┃
┃         129  ┃      0.0294  │     98.86 %  ┃   4.000e-03  │   00:49 min  ┃      0.0995  │     96.02 %  ┃
┃         130  ┃      0.0279  │     98.96 %  ┃   4.000e-03  │   00:49 min  ┃      0.1003  │     95.96 %  ┃
┃         131  ┃      0.0271  │     99.00 %  ┃   4.000e-03  │   00:49 min  ┃      0.0973  │     96.09 %  ┃
┃         132  ┃      0.0280  │     98.94 %  ┃   4.000e-03  │   00:49 min  ┃      0.0963  │     96.19 %  ┃
┃         133  ┃      0.0271  │     99.00 %  ┃   4.000e-03  │   00:49 min  ┃      0.0970  │     96.13 %  ┃
┃         134  ┃      0.0255  │     99.00 %  ┃   4.000e-03  │   00:49 min  ┃      0.0997  │     96.13 %  ┃
┃         135  ┃      0.0264  │     98.99 %  ┃   4.000e-03  │   00:49 min  ┃      0.0990  │     96.06 %  ┃
┃         136  ┃      0.0266  │     99.02 %  ┃   4.000e-03  │   00:49 min  ┃      0.0979  │     96.04 %  ┃
┃         137  ┃      0.0249  │     99.08 %  ┃   4.000e-03  │   00:49 min  ┃      0.0982  │     95.93 %  ┃
┃         138  ┃      0.0262  │     99.02 %  ┃   4.000e-03  │   00:49 min  ┃      0.0935  │     96.24 %  ┃
┃         139  ┃      0.0261  │     99.00 %  ┃   4.000e-03  │   00:49 min  ┃      0.0975  │     95.98 %  ┃
┃         140  ┃      0.0245  │     99.09 %  ┃   4.000e-03  │   00:49 min  ┃      0.0986  │     96.06 %  ┃
┃         141  ┃      0.0248  │     99.03 %  ┃   4.000e-03  │   00:49 min  ┃      0.0970  │     95.95 %  ┃
┃         142  ┃      0.0249  │     99.01 %  ┃   4.000e-03  │   00:49 min  ┃      0.0976  │     96.05 %  ┃
┃         143  ┃      0.0254  │     99.03 %  ┃   4.000e-03  │   00:49 min  ┃      0.0983  │     95.99 %  ┃
┃         144  ┃      0.0259  │     98.99 %  ┃   4.000e-03  │   00:49 min  ┃      0.0978  │     95.92 %  ┃
┃         145  ┃      0.0243  │     99.08 %  ┃   4.000e-03  │   00:49 min  ┃      0.0955  │     95.96 %  ┃
┃         146  ┃      0.0243  │     99.05 %  ┃   4.000e-03  │   00:49 min  ┃      0.0996  │     95.90 %  ┃
┃         147  ┃      0.0266  │     98.96 %  ┃   4.000e-03  │   00:49 min  ┃      0.0995  │     96.08 %  ┃
┃         148  ┃      0.0237  │     99.14 %  ┃   4.000e-03  │   00:49 min  ┃      0.1013  │     95.98 %  ┃
┃         149  ┃      0.0248  │     99.03 %  ┃   4.000e-03  │   00:49 min  ┃      0.1032  │     95.82 %  ┃
┃         150  ┃      0.0248  │     99.04 %  ┃   4.000e-03  │   00:49 min  ┃      0.1034  │     95.82 %  ┃
┃         151  ┃      0.0239  │     99.03 %  ┃   4.000e-03  │   00:49 min  ┃      0.0993  │     95.90 %  ┃
┃         152  ┃      0.0245  │     99.06 %  ┃   4.000e-03  │   00:49 min  ┃      0.1018  │     95.83 %  ┃
┃         153  ┃      0.0236  │     99.07 %  ┃   4.000e-03  │   00:49 min  ┃      0.1029  │     95.81 %  ┃
┃         154  ┃      0.0258  │     99.04 %  ┃   4.000e-03  │   00:49 min  ┃      0.1014  │     96.07 %  ┃
┃         155  ┃      0.0263  │     99.00 %  ┃   4.000e-03  │   00:49 min  ┃      0.1033  │     95.66 %  ┃
┃         156  ┃      0.0262  │     99.01 %  ┃   4.000e-03  │   00:49 min  ┃      0.1060  │     95.80 %  ┃
┃         157  ┃      0.0250  │     99.06 %  ┃   4.000e-03  │   00:49 min  ┃      0.1079  │     95.65 %  ┃
┃         158  ┃      0.0250  │     99.07 %  ┃   4.000e-03  │   00:49 min  ┃      0.0999  │     96.08 %  ┃
┃         159  ┃      0.0244  │     99.04 %  ┃   4.000e-03  │   00:49 min  ┃      0.1031  │     95.83 %  ┃
┃         160  ┃      0.0229  │     99.09 %  ┃   8.000e-04  │   00:49 min  ┃      0.0918  │     96.20 %  ┃
┃         161  ┃      0.0186  │     99.29 %  ┃   8.000e-04  │   00:49 min  ┃      0.0916  │     96.27 %  ┃
┃         162  ┃      0.0173  │     99.35 %  ┃   8.000e-04  │   00:49 min  ┃      0.0916  │     96.29 %  ┃
┃         163  ┃      0.0176  │     99.32 %  ┃   8.000e-04  │   00:49 min  ┃      0.0916  │     96.22 %  ┃
┃         164  ┃      0.0165  │     99.40 %  ┃   8.000e-04  │   00:49 min  ┃      0.0903  │     96.38 %  ┃
┃         165  ┃      0.0156  │     99.43 %  ┃   8.000e-04  │   00:49 min  ┃      0.0892  │     96.30 %  ┃
┃         166  ┃      0.0160  │     99.39 %  ┃   8.000e-04  │   00:49 min  ┃      0.0902  │     96.35 %  ┃
┃         167  ┃      0.0158  │     99.40 %  ┃   8.000e-04  │   00:49 min  ┃      0.0891  │     96.41 %  ┃
┃         168  ┃      0.0152  │     99.41 %  ┃   8.000e-04  │   00:49 min  ┃      0.0897  │     96.40 %  ┃
┃         169  ┃      0.0158  │     99.40 %  ┃   8.000e-04  │   00:49 min  ┃      0.0873  │     96.47 %  ┃
┃         170  ┃      0.0159  │     99.40 %  ┃   8.000e-04  │   00:49 min  ┃      0.0885  │     96.40 %  ┃
┃         171  ┃      0.0151  │     99.44 %  ┃   8.000e-04  │   00:49 min  ┃      0.0887  │     96.42 %  ┃
┃         172  ┃      0.0138  │     99.50 %  ┃   8.000e-04  │   00:49 min  ┃      0.0886  │     96.46 %  ┃
┃         173  ┃      0.0138  │     99.52 %  ┃   8.000e-04  │   00:49 min  ┃      0.0876  │     96.43 %  ┃
┃         174  ┃      0.0137  │     99.54 %  ┃   8.000e-04  │   00:49 min  ┃      0.0876  │     96.34 %  ┃
┃         175  ┃      0.0135  │     99.50 %  ┃   8.000e-04  │   00:49 min  ┃      0.0878  │     96.47 %  ┃
┃         176  ┃      0.0153  │     99.45 %  ┃   8.000e-04  │   00:49 min  ┃      0.0880  │     96.41 %  ┃
┃         177  ┃      0.0152  │     99.45 %  ┃   8.000e-04  │   00:49 min  ┃      0.0871  │     96.43 %  ┃
┃         178  ┃      0.0136  │     99.52 %  ┃   8.000e-04  │   00:49 min  ┃      0.0881  │     96.42 %  ┃
┃         179  ┃      0.0135  │     99.50 %  ┃   8.000e-04  │   00:49 min  ┃      0.0854  │     96.51 %  ┃
┃         180  ┃      0.0143  │     99.48 %  ┃   8.000e-04  │   00:49 min  ┃      0.0863  │     96.47 %  ┃
┃         181  ┃      0.0139  │     99.50 %  ┃   8.000e-04  │   00:49 min  ┃      0.0880  │     96.43 %  ┃
┃         182  ┃      0.0138  │     99.50 %  ┃   8.000e-04  │   00:49 min  ┃      0.0876  │     96.47 %  ┃
┃         183  ┃      0.0129  │     99.53 %  ┃   8.000e-04  │   00:49 min  ┃      0.0879  │     96.41 %  ┃
┃         184  ┃      0.0135  │     99.47 %  ┃   8.000e-04  │   00:49 min  ┃      0.0886  │     96.29 %  ┃
┃         185  ┃      0.0132  │     99.53 %  ┃   8.000e-04  │   00:49 min  ┃      0.0863  │     96.53 %  ┃
┃         186  ┃      0.0131  │     99.53 %  ┃   8.000e-04  │   00:49 min  ┃      0.0868  │     96.45 %  ┃
┃         187  ┃      0.0135  │     99.49 %  ┃   8.000e-04  │   00:49 min  ┃      0.0868  │     96.46 %  ┃
┃         188  ┃      0.0133  │     99.52 %  ┃   8.000e-04  │   00:49 min  ┃      0.0851  │     96.44 %  ┃
┃         189  ┃      0.0133  │     99.52 %  ┃   8.000e-04  │   00:49 min  ┃      0.0844  │     96.56 %  ┃
┃         190  ┃      0.0131  │     99.51 %  ┃   8.000e-04  │   00:49 min  ┃      0.0846  │     96.44 %  ┃
┃         191  ┃      0.0127  │     99.56 %  ┃   8.000e-04  │   00:49 min  ┃      0.0866  │     96.46 %  ┃
┃         192  ┃      0.0136  │     99.48 %  ┃   8.000e-04  │   00:49 min  ┃      0.0870  │     96.41 %  ┃
┃         193  ┃      0.0131  │     99.50 %  ┃   8.000e-04  │   00:49 min  ┃      0.0862  │     96.45 %  ┃
┃         194  ┃      0.0137  │     99.48 %  ┃   8.000e-04  │   00:49 min  ┃      0.0873  │     96.39 %  ┃
┃         195  ┃      0.0135  │     99.52 %  ┃   8.000e-04  │   00:49 min  ┃      0.0886  │     96.44 %  ┃
┃         196  ┃      0.0130  │     99.54 %  ┃   8.000e-04  │   00:49 min  ┃      0.0855  │     96.49 %  ┃
┃         197  ┃      0.0138  │     99.48 %  ┃   8.000e-04  │   00:49 min  ┃      0.0863  │     96.43 %  ┃
┃         198  ┃      0.0129  │     99.51 %  ┃   8.000e-04  │   00:49 min  ┃      0.0861  │     96.49 %  ┃
┃         199  ┃      0.0121  │     99.57 %  ┃   8.000e-04  │   00:49 min  ┃      0.0861  │     96.56 %  ┃
Loss plot saved as Baseline SGD_training_validation_loss.png
Accuracy plot saved as Baseline SGD_training_validation_accuracy.png
